<?xml version="1.0" encoding="UTF-8"?>
<!-- Generated by org.testng.reporters.JUnitReportReporter -->
<testsuite hostname="HossainXPS8960" failures="0" tests="1" name="com.Dhaka.testRunners.TestRunner" time="3.922" errors="0" timestamp="2024-10-15T20:49:47 EDT" skipped="0">
  <testcase classname="com.Dhaka.testRunners.TestRunner" name="runScenario" time="3.922"/>
</testsuite> <!-- com.Dhaka.testRunners.TestRunner -->
